This is pdfTeX, Version 3.141592653-2.6-1.40.25 (MiKTeX 23.5) (preloaded format=pdflatex 2023.5.28)  2 JUN 2023 07:48
entering extended mode
 restricted \write18 enabled.
 file:line:error style messages enabled.
 %&-line parsing enabled.
**./main.tex
(main.tex
LaTeX2e <2022-11-01> patch level 1
L3 programming layer <2023-05-15> (D:\MiKTeX\tex/latex/base\article.cls
Document Class: article 2022/07/02 v1.4n Standard LaTeX document class
(D:\MiKTeX\tex/latex/base\size12.clo
File: size12.clo 2022/07/02 v1.4n Standard LaTeX file (size option)
)
\c@part=\count185
\c@section=\count186
\c@subsection=\count187
\c@subsubsection=\count188
\c@paragraph=\count189
\c@subparagraph=\count190
\c@figure=\count191
\c@table=\count192
\abovecaptionskip=\skip48
\belowcaptionskip=\skip49
\bibindent=\dimen140
) (D:\MiKTeX\tex/latex/base\inputenc.sty
Package: inputenc 2021/02/14 v1.3d Input encoding file
\inpenc@prehook=\toks16
\inpenc@posthook=\toks17
)
(D:\MiKTeX\tex/latex/ulem\ulem.sty
\UL@box=\box51
\UL@hyphenbox=\box52
\UL@skip=\skip50
\UL@hook=\toks18
\UL@height=\dimen141
\UL@pe=\count193
\UL@pixel=\dimen142
\ULC@box=\box53
Package: ulem 2019/11/18
\ULdepth=\dimen143
) (D:\MiKTeX\tex/generic/babel\babel.sty
Package: babel 2023/05/11 v3.89 The Babel package
\babel@savecnt=\count194
\U@D=\dimen144
\l@unhyphenated=\language79

(D:\MiKTeX\tex/generic/babel\txtbabel.def)
\bbl@readstream=\read2
\bbl@dirlevel=\count195

*************************************
* Local config file bblopts.cfg used
*
(D:\MiKTeX\tex/latex/arabi\bblopts.cfg
File: bblopts.cfg 2005/09/08 v0.1 add Arabic and Farsi to "declared" options of
 babel
)
(D:\MiKTeX\tex/latex/babel-english\english.ldf
Language: english 2017/06/06 v3.3r English support from the babel system
Package babel Info: Hyphen rules for 'canadian' set to \l@english
(babel)             (\language0). Reported on input line 102.
Package babel Info: Hyphen rules for 'australian' set to \l@ukenglish
(babel)             (\language73). Reported on input line 105.
Package babel Info: Hyphen rules for 'newzealand' set to \l@ukenglish
(babel)             (\language73). Reported on input line 108.
)
(D:\MiKTeX\tex/latex/babel-russian\russianb.ldf
File: russianb.ldf 2021/01/10 1.3m Russian support for the Babel system
Language: russian 2020/09/09 1.3k Russian support for the Babel system


Package babel Warning: No Cyrillic font encoding has been loaded so far.
(babel)                A font encoding should be declared before babel.
(babel)                Default `T2A' encoding will be loaded  on input line 78.


(D:\MiKTeX\tex/latex/cyrillic\t2aenc.def
File: t2aenc.def 2022/06/11 v1.0j Cyrillic encoding definition file
Now handling font encoding T2A ...
... processing UTF-8 mapping file for font encoding T2A
 (D:\MiKTeX\tex/latex/base\t2aenc.dfu
File: t2aenc.dfu 2022/06/07 v1.3c UTF-8 support
   defining Unicode char U+00A4 (decimal 164)
   defining Unicode char U+00A7 (decimal 167)
   defining Unicode char U+00AB (decimal 171)
   defining Unicode char U+00BB (decimal 187)
   defining Unicode char U+0131 (decimal 305)
   defining Unicode char U+0237 (decimal 567)
   defining Unicode char U+0400 (decimal 1024)
   defining Unicode char U+0401 (decimal 1025)
   defining Unicode char U+0402 (decimal 1026)
   defining Unicode char U+0403 (decimal 1027)
   defining Unicode char U+0404 (decimal 1028)
   defining Unicode char U+0405 (decimal 1029)
   defining Unicode char U+0406 (decimal 1030)
   defining Unicode char U+0407 (decimal 1031)
   defining Unicode char U+0408 (decimal 1032)
   defining Unicode char U+0409 (decimal 1033)
   defining Unicode char U+040A (decimal 1034)
   defining Unicode char U+040B (decimal 1035)
   defining Unicode char U+040C (decimal 1036)
   defining Unicode char U+040D (decimal 1037)
   defining Unicode char U+040E (decimal 1038)
   defining Unicode char U+040F (decimal 1039)
   defining Unicode char U+0410 (decimal 1040)
   defining Unicode char U+0411 (decimal 1041)
   defining Unicode char U+0412 (decimal 1042)
   defining Unicode char U+0413 (decimal 1043)
   defining Unicode char U+0414 (decimal 1044)
   defining Unicode char U+0415 (decimal 1045)
   defining Unicode char U+0416 (decimal 1046)
   defining Unicode char U+0417 (decimal 1047)
   defining Unicode char U+0418 (decimal 1048)
   defining Unicode char U+0419 (decimal 1049)
   defining Unicode char U+041A (decimal 1050)
   defining Unicode char U+041B (decimal 1051)
   defining Unicode char U+041C (decimal 1052)
   defining Unicode char U+041D (decimal 1053)
   defining Unicode char U+041E (decimal 1054)
   defining Unicode char U+041F (decimal 1055)
   defining Unicode char U+0420 (decimal 1056)
   defining Unicode char U+0421 (decimal 1057)
   defining Unicode char U+0422 (decimal 1058)
   defining Unicode char U+0423 (decimal 1059)
   defining Unicode char U+0424 (decimal 1060)
   defining Unicode char U+0425 (decimal 1061)
   defining Unicode char U+0426 (decimal 1062)
   defining Unicode char U+0427 (decimal 1063)
   defining Unicode char U+0428 (decimal 1064)
   defining Unicode char U+0429 (decimal 1065)
   defining Unicode char U+042A (decimal 1066)
   defining Unicode char U+042B (decimal 1067)
   defining Unicode char U+042C (decimal 1068)
   defining Unicode char U+042D (decimal 1069)
   defining Unicode char U+042E (decimal 1070)
   defining Unicode char U+042F (decimal 1071)
   defining Unicode char U+0430 (decimal 1072)
   defining Unicode char U+0431 (decimal 1073)
   defining Unicode char U+0432 (decimal 1074)
   defining Unicode char U+0433 (decimal 1075)
   defining Unicode char U+0434 (decimal 1076)
   defining Unicode char U+0435 (decimal 1077)
   defining Unicode char U+0436 (decimal 1078)
   defining Unicode char U+0437 (decimal 1079)
   defining Unicode char U+0438 (decimal 1080)
   defining Unicode char U+0439 (decimal 1081)
   defining Unicode char U+043A (decimal 1082)
   defining Unicode char U+043B (decimal 1083)
   defining Unicode char U+043C (decimal 1084)
   defining Unicode char U+043D (decimal 1085)
   defining Unicode char U+043E (decimal 1086)
   defining Unicode char U+043F (decimal 1087)
   defining Unicode char U+0440 (decimal 1088)
   defining Unicode char U+0441 (decimal 1089)
   defining Unicode char U+0442 (decimal 1090)
   defining Unicode char U+0443 (decimal 1091)
   defining Unicode char U+0444 (decimal 1092)
   defining Unicode char U+0445 (decimal 1093)
   defining Unicode char U+0446 (decimal 1094)
   defining Unicode char U+0447 (decimal 1095)
   defining Unicode char U+0448 (decimal 1096)
   defining Unicode char U+0449 (decimal 1097)
   defining Unicode char U+044A (decimal 1098)
   defining Unicode char U+044B (decimal 1099)
   defining Unicode char U+044C (decimal 1100)
   defining Unicode char U+044D (decimal 1101)
   defining Unicode char U+044E (decimal 1102)
   defining Unicode char U+044F (decimal 1103)
   defining Unicode char U+0450 (decimal 1104)
   defining Unicode char U+0451 (decimal 1105)
   defining Unicode char U+0452 (decimal 1106)
   defining Unicode char U+0453 (decimal 1107)
   defining Unicode char U+0454 (decimal 1108)
   defining Unicode char U+0455 (decimal 1109)
   defining Unicode char U+0456 (decimal 1110)
   defining Unicode char U+0457 (decimal 1111)
   defining Unicode char U+0458 (decimal 1112)
   defining Unicode char U+0459 (decimal 1113)
   defining Unicode char U+045A (decimal 1114)
   defining Unicode char U+045B (decimal 1115)
   defining Unicode char U+045C (decimal 1116)
   defining Unicode char U+045D (decimal 1117)
   defining Unicode char U+045E (decimal 1118)
   defining Unicode char U+045F (decimal 1119)
   defining Unicode char U+0490 (decimal 1168)
   defining Unicode char U+0491 (decimal 1169)
   defining Unicode char U+0492 (decimal 1170)
   defining Unicode char U+0493 (decimal 1171)
   defining Unicode char U+0496 (decimal 1174)
   defining Unicode char U+0497 (decimal 1175)
   defining Unicode char U+0498 (decimal 1176)
   defining Unicode char U+0499 (decimal 1177)
   defining Unicode char U+049A (decimal 1178)
   defining Unicode char U+049B (decimal 1179)
   defining Unicode char U+049C (decimal 1180)
   defining Unicode char U+049D (decimal 1181)
   defining Unicode char U+04A0 (decimal 1184)
   defining Unicode char U+04A1 (decimal 1185)
   defining Unicode char U+04A2 (decimal 1186)
   defining Unicode char U+04A3 (decimal 1187)
   defining Unicode char U+04A4 (decimal 1188)
   defining Unicode char U+04A5 (decimal 1189)
   defining Unicode char U+04AA (decimal 1194)
   defining Unicode char U+04AB (decimal 1195)
   defining Unicode char U+04AE (decimal 1198)
   defining Unicode char U+04AF (decimal 1199)
   defining Unicode char U+04B0 (decimal 1200)
   defining Unicode char U+04B1 (decimal 1201)
   defining Unicode char U+04B2 (decimal 1202)
   defining Unicode char U+04B3 (decimal 1203)
   defining Unicode char U+04B6 (decimal 1206)
   defining Unicode char U+04B7 (decimal 1207)
   defining Unicode char U+04B8 (decimal 1208)
   defining Unicode char U+04B9 (decimal 1209)
   defining Unicode char U+04BA (decimal 1210)
   defining Unicode char U+04BB (decimal 1211)
   defining Unicode char U+04C0 (decimal 1216)
   defining Unicode char U+04C1 (decimal 1217)
   defining Unicode char U+04C2 (decimal 1218)
   defining Unicode char U+04D0 (decimal 1232)
   defining Unicode char U+04D1 (decimal 1233)
   defining Unicode char U+04D2 (decimal 1234)
   defining Unicode char U+04D3 (decimal 1235)
   defining Unicode char U+04D4 (decimal 1236)
   defining Unicode char U+04D5 (decimal 1237)
   defining Unicode char U+04D6 (decimal 1238)
   defining Unicode char U+04D7 (decimal 1239)
   defining Unicode char U+04D8 (decimal 1240)
   defining Unicode char U+04D9 (decimal 1241)
   defining Unicode char U+04DA (decimal 1242)
   defining Unicode char U+04DB (decimal 1243)
   defining Unicode char U+04DC (decimal 1244)
   defining Unicode char U+04DD (decimal 1245)
   defining Unicode char U+04DE (decimal 1246)
   defining Unicode char U+04DF (decimal 1247)
   defining Unicode char U+04E2 (decimal 1250)
   defining Unicode char U+04E3 (decimal 1251)
   defining Unicode char U+04E4 (decimal 1252)
   defining Unicode char U+04E5 (decimal 1253)
   defining Unicode char U+04E6 (decimal 1254)
   defining Unicode char U+04E7 (decimal 1255)
   defining Unicode char U+04E8 (decimal 1256)
   defining Unicode char U+04E9 (decimal 1257)
   defining Unicode char U+04EC (decimal 1260)
   defining Unicode char U+04ED (decimal 1261)
   defining Unicode char U+04EE (decimal 1262)
   defining Unicode char U+04EF (decimal 1263)
   defining Unicode char U+04F0 (decimal 1264)
   defining Unicode char U+04F1 (decimal 1265)
   defining Unicode char U+04F2 (decimal 1266)
   defining Unicode char U+04F3 (decimal 1267)
   defining Unicode char U+04F4 (decimal 1268)
   defining Unicode char U+04F5 (decimal 1269)
   defining Unicode char U+04F8 (decimal 1272)
   defining Unicode char U+04F9 (decimal 1273)
   defining Unicode char U+200C (decimal 8204)
   defining Unicode char U+2013 (decimal 8211)
   defining Unicode char U+2014 (decimal 8212)
   defining Unicode char U+2018 (decimal 8216)
   defining Unicode char U+2019 (decimal 8217)
   defining Unicode char U+201C (decimal 8220)
   defining Unicode char U+201D (decimal 8221)
   defining Unicode char U+201E (decimal 8222)
   defining Unicode char U+2030 (decimal 8240)
   defining Unicode char U+2031 (decimal 8241)
   defining Unicode char U+2116 (decimal 8470)
   defining Unicode char U+2329 (decimal 9001)
   defining Unicode char U+3008 (decimal 12296)
   defining Unicode char U+232A (decimal 9002)
   defining Unicode char U+3009 (decimal 12297)
   defining Unicode char U+2423 (decimal 9251)
   defining Unicode char U+27E8 (decimal 10216)
   defining Unicode char U+27E9 (decimal 10217)
   defining Unicode char U+FB00 (decimal 64256)
   defining Unicode char U+FB01 (decimal 64257)
   defining Unicode char U+FB02 (decimal 64258)
   defining Unicode char U+FB03 (decimal 64259)
   defining Unicode char U+FB04 (decimal 64260)
   defining Unicode char U+FB05 (decimal 64261)
   defining Unicode char U+FB06 (decimal 64262)
))
Package babel Info: Making " an active character on input line 124.
Package babel Info: Default for \cyrdash is provided on input line 163.
)) (D:\MiKTeX\tex/generic/babel/locale/ru\babel-russian.tex
Package babel Info: Importing font and identification data for russian
(babel)             from babel-ru.ini. Reported on input line 11.
)
(D:\MiKTeX\tex/generic/babel/locale/en\babel-english.tex
Package babel Info: Importing font and identification data for english
(babel)             from babel-en.ini. Reported on input line 11.
)
(D:\MiKTeX\tex/latex/amsfonts\amssymb.sty
Package: amssymb 2013/01/14 v3.01 AMS font symbols

(D:\MiKTeX\tex/latex/amsfonts\amsfonts.sty
Package: amsfonts 2013/01/14 v3.01 Basic AMSFonts support
\@emptytoks=\toks19
\symAMSa=\mathgroup4
\symAMSb=\mathgroup5
LaTeX Font Info:    Redeclaring math symbol \hbar on input line 98.
LaTeX Font Info:    Overwriting math alphabet `\mathfrak' in version `bold'
(Font)                  U/euf/m/n --> U/euf/b/n on input line 106.
))
(D:\MiKTeX\tex/latex/graphics\graphicx.sty
Package: graphicx 2021/09/16 v1.2d Enhanced LaTeX Graphics (DPC,SPQR)

(D:\MiKTeX\tex/latex/graphics\keyval.sty
Package: keyval 2022/05/29 v1.15 key=value parser (DPC)
\KV@toks@=\toks20
)
(D:\MiKTeX\tex/latex/graphics\graphics.sty
Package: graphics 2022/03/10 v1.4e Standard LaTeX Graphics (DPC,SPQR)

(D:\MiKTeX\tex/latex/graphics\trig.sty
Package: trig 2021/08/11 v1.11 sin cos tan (DPC)
)
(D:\MiKTeX\tex/latex/graphics-cfg\graphics.cfg
File: graphics.cfg 2016/06/04 v1.11 sample graphics configuration
)
Package graphics Info: Driver file: pdftex.def on input line 107.

(D:\MiKTeX\tex/latex/graphics-def\pdftex.def
File: pdftex.def 2022/09/22 v1.2b Graphics/color driver for pdftex
))
\Gin@req@height=\dimen145
\Gin@req@width=\dimen146
)
(D:\MiKTeX\tex/latex/setspace\setspace.sty
Package: setspace 2022/12/04 v6.7b set line spacing
)
(D:\MiKTeX\tex/latex/geometry\geometry.sty
Package: geometry 2020/01/02 v5.9 Page Geometry

(D:\MiKTeX\tex/generic/iftex\ifvtex.sty
Package: ifvtex 2019/10/25 v1.7 ifvtex legacy package. Use iftex instead.
 (D:\MiKTeX\tex/generic/iftex\iftex.sty
Package: iftex 2022/02/03 v1.0f TeX engine tests
))
\Gm@cnth=\count196
\Gm@cntv=\count197
\c@Gm@tempcnt=\count198
\Gm@bindingoffset=\dimen147
\Gm@wd@mp=\dimen148
\Gm@odd@mp=\dimen149
\Gm@even@mp=\dimen150
\Gm@layoutwidth=\dimen151
\Gm@layoutheight=\dimen152
\Gm@layouthoffset=\dimen153
\Gm@layoutvoffset=\dimen154
\Gm@dimlist=\toks21
 (D:\MiKTeX\tex/latex/geometry\geometry.cfg))
(D:\MiKTeX\tex/latex/blindtext\blindtext.sty
Package: blindtext 2012/01/06 V2.0 blindtext-Package

(D:\MiKTeX\tex/latex/tools\xspace.sty
Package: xspace 2014/10/28 v1.13 Space after command names (DPC,MH)
)
\c@blindtext=\count199
\c@Blindtext=\count266
\c@blind@countparstart=\count267
\blind@countxx=\count268
\blindtext@numBlindtext=\count269
\blind@countyy=\count270
\c@blindlist=\count271
\c@blindlistlevel=\count272
\c@blindlist@level=\count273
\blind@listitem=\count274
\c@blind@listcount=\count275
\c@blind@levelcount=\count276
\blind@mathformula=\count277
\blind@Mathformula=\count278
\c@blind@randomcount=\count279
\c@blind@randommax=\count280
\c@blind@pangramcount=\count281
\c@blind@pangrammax=\count282


D:\MiKTeX\tex/latex/blindtext\blindtext.sty:340: LaTeX Error: Unknown option `e
nglish' for package `blindtext'.

See the LaTeX manual or LaTeX Companion for explanation.
Type  H <return>  for immediate help.
 ...                                              
                                                  
l.340 \ProcessOptions\relax
                           
The option `english' was not declared in package `blindtext', perhaps you
misspelled its name. Try typing  <return>  to proceed.

) (D:\MiKTeX\tex/generic/xypic\xy.sty (D:\MiKTeX\tex/generic/xypic\xy.tex
Bootstrap'ing: catcodes, docmode, (D:\MiKTeX\tex/generic/xypic\xyrecat.tex)
(D:\MiKTeX\tex/generic/xypic\xyidioms.tex)

 Xy-pic version 3.8.9 <2013/10/06>
 Copyright (c) 1991-2013 by Kristoffer H. Rose <krisrose@tug.org> and others
 Xy-pic is free software: see the User's Guide for details.

Loading kernel: messages; fonts; allocations: state,
\X@c=\dimen155
\Y@c=\dimen156
\U@c=\dimen157
\D@c=\dimen158
\L@c=\dimen159
\R@c=\dimen160
\Edge@c=\toks22
\X@p=\dimen161
\Y@p=\dimen162
\U@p=\dimen163
\D@p=\dimen164
\L@p=\dimen165
\R@p=\dimen166
\Edge@p=\toks23
\X@origin=\dimen167
\Y@origin=\dimen168
\X@xbase=\dimen169
\Y@xbase=\dimen170
\X@ybase=\dimen171
\Y@ybase=\dimen172
\X@min=\dimen173
\Y@min=\dimen174
\X@max=\dimen175
\Y@max=\dimen176
\lastobjectbox@=\box54
\zerodotbox@=\box55
\almostz@=\dimen177
 direction,
\d@X=\dimen178
\d@Y=\dimen179
\K@=\count283
\KK@=\count284
\Direction=\count285
\K@dXdY=\dimen180
\K@dYdX=\dimen181
\xyread@=\read3
\xywrite@=\write3
\csp@=\count286
\quotPTK@=\dimen182

utility macros; pictures: \xy, positions,
\swaptoks@@=\toks24
\connectobjectbox@@=\box56
 objects,
\styletoks@=\toks25
 decorations;
kernel objects: directionals, circles, text; options; algorithms: directions,
edges, connections;  Xy-pic loaded) (D:\MiKTeX\tex/generic/iftex\ifpdf.sty
Package: ifpdf 2019/10/25 v3.4 ifpdf legacy package. Use iftex instead.
)
Package: xy 2013/10/06 Xy-pic version 3.8.9

(D:\MiKTeX\tex/generic/xypic\xymatrix.tex
 Xy-pic option: Matrix feature v.3.14
\Row=\count287
\Col=\count288
\queue@=\toks26
\queue@@=\toks27
\qcount@=\count289
\qcount@@=\count290
\matrixsize@=\count291
 loaded)
(D:\MiKTeX\tex/generic/xypic\xyarrow.tex
 Xy-pic option: Arrow and Path feature v.3.9 path, \ar, loaded)
(D:\MiKTeX\tex/generic/xypic\xycurve.tex
 Xy-pic option: Curve and Spline extension v.3.12 curve,
\crv@cnt@=\count292
\crvpts@=\toks28
\splinebox@=\box57
\splineval@=\dimen183
\splinedepth@=\dimen184
\splinetol@=\dimen185
\splinelength@=\dimen186
 circles,
\L@=\dimen187
 loaded)
(D:\MiKTeX\tex/generic/xypic\xyframe.tex
 Xy-pic option: Frame and Bracket extension v.3.14 loaded)
(D:\MiKTeX\tex/generic/xypic\xypoly.tex  Xy-pic option: Polygon feature v.3.11
polygons,
\xypolynode@=\count293
 loaded) (D:\MiKTeX\tex/generic/xypic\xyarc.tex
 Xy-pic option: Circle, Ellipse, Arc feature v.3.8 circles, ellipses,
elliptical arcs, loaded) (D:\MiKTeX\tex/generic/xypic\xypdf.tex
 Xy-pic option: PDF driver v.1.7 Xy-pic pdf driver: `curve' extension support
(D:\MiKTeX\tex/generic/xypic\xypdf-cu.tex loaded)
Xy-pic pdf driver: `frame' extension support
(D:\MiKTeX\tex/generic/xypic\xypdf-fr.tex loaded) loaded))
(D:\MiKTeX\tex/latex/fancyhdr\fancyhdr.sty
Package: fancyhdr 2022/11/09 v4.1 Extensive control of page headers and footers

\f@nch@headwidth=\skip51
\f@nch@O@elh=\skip52
\f@nch@O@erh=\skip53
\f@nch@O@olh=\skip54
\f@nch@O@orh=\skip55
\f@nch@O@elf=\skip56
\f@nch@O@erf=\skip57
\f@nch@O@olf=\skip58
\f@nch@O@orf=\skip59
)
(D:\MiKTeX\tex/latex/caption\subcaption.sty
Package: subcaption 2023/02/19 v1.6 Sub-captions (AR)

(D:\MiKTeX\tex/latex/caption\caption.sty
Package: caption 2023/03/12 v3.6j Customizing captions (AR)

(D:\MiKTeX\tex/latex/caption\caption3.sty
Package: caption3 2023/03/12 v2.4 caption3 kernel (AR)
\caption@tempdima=\dimen188
\captionmargin=\dimen189
\caption@leftmargin=\dimen190
\caption@rightmargin=\dimen191
\caption@width=\dimen192
\caption@indent=\dimen193
\caption@parindent=\dimen194
\caption@hangindent=\dimen195
Package caption Info: Standard document class detected.
)
\c@caption@flags=\count294
\c@continuedfloat=\count295
)
Package caption Info: New subtype `subfigure' on input line 239.
\c@subfigure=\count296
Package caption Info: New subtype `subtable' on input line 239.
\c@subtable=\count297
)
(D:\MiKTeX\tex/latex/adjustbox\adjustbox.sty
Package: adjustbox 2022/10/17 v1.3a Adjusting TeX boxes (trim, clip, ...)

(D:\MiKTeX\tex/latex/xkeyval\xkeyval.sty
Package: xkeyval 2022/06/16 v2.9 package option processing (HA)

(D:\MiKTeX\tex/generic/xkeyval\xkeyval.tex
(D:\MiKTeX\tex/generic/xkeyval\xkvutils.tex
\XKV@toks=\toks29
\XKV@tempa@toks=\toks30
)
\XKV@depth=\count298
File: xkeyval.tex 2014/12/03 v2.7a key=value parser (HA)
))
(D:\MiKTeX\tex/latex/adjustbox\adjcalc.sty
Package: adjcalc 2012/05/16 v1.1 Provides advanced setlength with multiple back
-ends (calc, etex, pgfmath)
)
(D:\MiKTeX\tex/latex/adjustbox\trimclip.sty
Package: trimclip 2020/08/19 v1.2 Trim and clip general TeX material

(D:\MiKTeX\tex/latex/collectbox\collectbox.sty
Package: collectbox 2022/10/17 v0.4c Collect macro arguments as boxes
\collectedbox=\box58
)
\tc@llx=\dimen196
\tc@lly=\dimen197
\tc@urx=\dimen198
\tc@ury=\dimen199
Package trimclip Info: Using driver 'tc-pdftex.def'.

(D:\MiKTeX\tex/latex/adjustbox\tc-pdftex.def
File: tc-pdftex.def 2019/01/04 v2.2 Clipping driver for pdftex
))
\adjbox@Width=\dimen256
\adjbox@Height=\dimen257
\adjbox@Depth=\dimen258
\adjbox@Totalheight=\dimen259
\adjbox@pwidth=\dimen260
\adjbox@pheight=\dimen261
\adjbox@pdepth=\dimen262
\adjbox@ptotalheight=\dimen263

(D:\MiKTeX\tex/latex/ifoddpage\ifoddpage.sty
Package: ifoddpage 2022/10/18 v1.2 Conditionals for odd/even page detection
\c@checkoddpage=\count299
)
(D:\MiKTeX\tex/latex/varwidth\varwidth.sty
Package: varwidth 2009/03/30 ver 0.92;  Variable-width minipages
\@vwid@box=\box59
\sift@deathcycles=\count300
\@vwid@loff=\dimen264
\@vwid@roff=\dimen265
))
(D:\MiKTeX\tex/latex/wrapfig\wrapfig.sty
\wrapoverhang=\dimen266
\WF@size=\dimen267
\c@WF@wrappedlines=\count301
\WF@box=\box60
\WF@everypar=\toks31
Package: wrapfig 2003/01/31  v 3.6
)
(D:\MiKTeX\tex/latex/amsmath\amsmath.sty
Package: amsmath 2022/04/08 v2.17n AMS math features
\@mathmargin=\skip60

For additional information on amsmath, use the `?' option.
(D:\MiKTeX\tex/latex/amsmath\amstext.sty
Package: amstext 2021/08/26 v2.01 AMS text

(D:\MiKTeX\tex/latex/amsmath\amsgen.sty
File: amsgen.sty 1999/11/30 v2.0 generic functions
\@emptytoks=\toks32
\ex@=\dimen268
))
(D:\MiKTeX\tex/latex/amsmath\amsbsy.sty
Package: amsbsy 1999/11/29 v1.2d Bold Symbols
\pmbraise@=\dimen269
)
(D:\MiKTeX\tex/latex/amsmath\amsopn.sty
Package: amsopn 2022/04/08 v2.04 operator names
)
\inf@bad=\count302
LaTeX Info: Redefining \frac on input line 234.
\uproot@=\count303
\leftroot@=\count304
LaTeX Info: Redefining \overline on input line 399.
LaTeX Info: Redefining \colon on input line 410.
\classnum@=\count305
\DOTSCASE@=\count306
LaTeX Info: Redefining \ldots on input line 496.
LaTeX Info: Redefining \dots on input line 499.
LaTeX Info: Redefining \cdots on input line 620.
\Mathstrutbox@=\box61
\strutbox@=\box62
LaTeX Info: Redefining \big on input line 722.
LaTeX Info: Redefining \Big on input line 723.
LaTeX Info: Redefining \bigg on input line 724.
LaTeX Info: Redefining \Bigg on input line 725.
\big@size=\dimen270
LaTeX Font Info:    Redeclaring font encoding OML on input line 743.
LaTeX Font Info:    Redeclaring font encoding OMS on input line 744.
\macc@depth=\count307
LaTeX Info: Redefining \bmod on input line 905.
LaTeX Info: Redefining \pmod on input line 910.
LaTeX Info: Redefining \smash on input line 940.
LaTeX Info: Redefining \relbar on input line 970.
LaTeX Info: Redefining \Relbar on input line 971.
\c@MaxMatrixCols=\count308
\dotsspace@=\muskip16
\c@parentequation=\count309
\dspbrk@lvl=\count310
\tag@help=\toks33
\row@=\count311
\column@=\count312
\maxfields@=\count313
\andhelp@=\toks34
\eqnshift@=\dimen271
\alignsep@=\dimen272
\tagshift@=\dimen273
\tagwidth@=\dimen274
\totwidth@=\dimen275
\lineht@=\dimen276
\@envbody=\toks35
\multlinegap=\skip61
\multlinetaggap=\skip62
\mathdisplay@stack=\toks36
LaTeX Info: Redefining \[ on input line 2953.
LaTeX Info: Redefining \] on input line 2954.
)
(D:\MiKTeX\tex/latex/subfig\subfig.sty
Package: subfig 2005/06/28 ver: 1.3 subfig package
\c@KVtest=\count314
\sf@farskip=\skip63
\sf@captopadj=\dimen277
\sf@capskip=\skip64
\sf@nearskip=\skip65
\sf@top=\skip66
\sf@bottom=\skip67
)
(D:\MiKTeX\tex/latex/hyperref\hyperref.sty
Package: hyperref 2023-04-22 v7.00x Hypertext links for LaTeX

(D:\MiKTeX\tex/generic/ltxcmds\ltxcmds.sty
Package: ltxcmds 2020-05-10 v1.25 LaTeX kernel commands for general use (HO)
)
(D:\MiKTeX\tex/generic/pdftexcmds\pdftexcmds.sty
Package: pdftexcmds 2020-06-27 v0.33 Utility functions of pdfTeX for LuaTeX (HO
)

(D:\MiKTeX\tex/generic/infwarerr\infwarerr.sty
Package: infwarerr 2019/12/03 v1.5 Providing info/warning/error messages (HO)
)
Package pdftexcmds Info: \pdf@primitive is available.
Package pdftexcmds Info: \pdf@ifprimitive is available.
Package pdftexcmds Info: \pdfdraftmode found.
)
(D:\MiKTeX\tex/latex/kvsetkeys\kvsetkeys.sty
Package: kvsetkeys 2022-10-05 v1.19 Key value parser (HO)
)
(D:\MiKTeX\tex/generic/kvdefinekeys\kvdefinekeys.sty
Package: kvdefinekeys 2019-12-19 v1.6 Define keys (HO)
)
(D:\MiKTeX\tex/generic/pdfescape\pdfescape.sty
Package: pdfescape 2019/12/09 v1.15 Implements pdfTeX's escape features (HO)
)
(D:\MiKTeX\tex/latex/hycolor\hycolor.sty
Package: hycolor 2020-01-27 v1.10 Color options for hyperref/bookmark (HO)
)
(D:\MiKTeX\tex/latex/letltxmacro\letltxmacro.sty
Package: letltxmacro 2019/12/03 v1.6 Let assignment for LaTeX macros (HO)
)
(D:\MiKTeX\tex/latex/auxhook\auxhook.sty
Package: auxhook 2019-12-17 v1.6 Hooks for auxiliary files (HO)
)
(D:\MiKTeX\tex/latex/hyperref\nameref.sty
Package: nameref 2022-05-17 v2.50 Cross-referencing by name of section

(D:\MiKTeX\tex/latex/refcount\refcount.sty
Package: refcount 2019/12/15 v3.6 Data extraction from label references (HO)
)
(D:\MiKTeX\tex/generic/gettitlestring\gettitlestring.sty
Package: gettitlestring 2019/12/15 v1.6 Cleanup title references (HO)

(D:\MiKTeX\tex/latex/kvoptions\kvoptions.sty
Package: kvoptions 2022-06-15 v3.15 Key value format for package options (HO)
))
\c@section@level=\count315
)
(D:\MiKTeX\tex/latex/etoolbox\etoolbox.sty
Package: etoolbox 2020/10/05 v2.5k e-TeX tools for LaTeX (JAW)
\etb@tempcnta=\count316
)
\@linkdim=\dimen278
\Hy@linkcounter=\count317
\Hy@pagecounter=\count318

(D:\MiKTeX\tex/latex/hyperref\pd1enc.def
File: pd1enc.def 2023-04-22 v7.00x Hyperref: PDFDocEncoding definition (HO)
Now handling font encoding PD1 ...
... no UTF-8 mapping file for font encoding PD1
)
(D:\MiKTeX\tex/generic/intcalc\intcalc.sty
Package: intcalc 2019/12/15 v1.3 Expandable calculations with integers (HO)
)
\Hy@SavedSpaceFactor=\count319

(D:\MiKTeX\tex/latex/hyperref\puenc.def
File: puenc.def 2023-04-22 v7.00x Hyperref: PDF Unicode definition (HO)
Now handling font encoding PU ...
... no UTF-8 mapping file for font encoding PU
)
Package hyperref Info: Option `unicode' set `true' on input line 3168.
Package hyperref Info: Hyper figures OFF on input line 4182.
Package hyperref Info: Link nesting OFF on input line 4187.
Package hyperref Info: Hyper index ON on input line 4190.
Package hyperref Info: Plain pages OFF on input line 4197.
Package hyperref Info: Backreferencing OFF on input line 4202.
Package hyperref Info: Implicit mode ON; LaTeX internals redefined.
Package hyperref Info: Bookmarks ON on input line 4449.
\c@Hy@tempcnt=\count320
 (D:\MiKTeX\tex/latex/url\url.sty
\Urlmuskip=\muskip17
Package: url 2013/09/16  ver 3.4  Verb mode for urls, etc.
)
LaTeX Info: Redefining \url on input line 4787.
\XeTeXLinkMargin=\dimen279

(D:\MiKTeX\tex/generic/bitset\bitset.sty
Package: bitset 2019/12/09 v1.3 Handle bit-vector datatype (HO)

(D:\MiKTeX\tex/generic/bigintcalc\bigintcalc.sty
Package: bigintcalc 2019/12/15 v1.5 Expandable calculations on big integers (HO
)
))
\Fld@menulength=\count321
\Field@Width=\dimen280
\Fld@charsize=\dimen281
Package hyperref Info: Hyper figures OFF on input line 6066.
Package hyperref Info: Link nesting OFF on input line 6071.
Package hyperref Info: Hyper index ON on input line 6074.
Package hyperref Info: backreferencing OFF on input line 6081.
Package hyperref Info: Link coloring OFF on input line 6086.
Package hyperref Info: Link coloring with OCG OFF on input line 6091.
Package hyperref Info: PDF/A mode OFF on input line 6096.

(D:\MiKTeX\tex/latex/base\atbegshi-ltx.sty
Package: atbegshi-ltx 2021/01/10 v1.0c Emulation of the original atbegshi
package with kernel methods
)
\Hy@abspage=\count322
\c@Item=\count323
\c@Hfootnote=\count324
)
Package hyperref Info: Driver (autodetected): hpdftex.

(D:\MiKTeX\tex/latex/hyperref\hpdftex.def
File: hpdftex.def 2023-04-22 v7.00x Hyperref driver for pdfTeX

(D:\MiKTeX\tex/latex/base\atveryend-ltx.sty
Package: atveryend-ltx 2020/08/19 v1.0a Emulation of the original atveryend pac
kage
with kernel methods
)
\Fld@listcount=\count325
\c@bookmark@seq@number=\count326

(D:\MiKTeX\tex/latex/rerunfilecheck\rerunfilecheck.sty
Package: rerunfilecheck 2022-07-10 v1.10 Rerun checks for auxiliary files (HO)

(D:\MiKTeX\tex/generic/uniquecounter\uniquecounter.sty
Package: uniquecounter 2019/12/15 v1.4 Provide unlimited unique counter (HO)
)
Package uniquecounter Info: New unique counter `rerunfilecheck' on input line 2
85.
)
\Hy@SectionHShift=\skip68
)
Package hyperref Info: Option `colorlinks' set `true' on input line 19.

(D:\MiKTeX\tex/latex/l3backend\l3backend-pdftex.def
File: l3backend-pdftex.def 2023-04-19 L3 backend support: PDF output (pdfTeX)
\l__color_backend_stack_int=\count327
\l__pdf_internal_box=\box63
)
(D:/ProjectProg\Java\VUZ\latex\coursDifura\auxil\main.aux)
\openout1 = `main.aux'.

LaTeX Font Info:    Checking defaults for OML/cmm/m/it on input line 21.
LaTeX Font Info:    ... okay on input line 21.
LaTeX Font Info:    Checking defaults for OMS/cmsy/m/n on input line 21.
LaTeX Font Info:    ... okay on input line 21.
LaTeX Font Info:    Checking defaults for OT1/cmr/m/n on input line 21.
LaTeX Font Info:    ... okay on input line 21.
LaTeX Font Info:    Checking defaults for T1/cmr/m/n on input line 21.
LaTeX Font Info:    ... okay on input line 21.
LaTeX Font Info:    Checking defaults for TS1/cmr/m/n on input line 21.
LaTeX Font Info:    ... okay on input line 21.
LaTeX Font Info:    Checking defaults for OMX/cmex/m/n on input line 21.
LaTeX Font Info:    ... okay on input line 21.
LaTeX Font Info:    Checking defaults for U/cmr/m/n on input line 21.
LaTeX Font Info:    ... okay on input line 21.
LaTeX Font Info:    Checking defaults for T2A/cmr/m/n on input line 21.
LaTeX Font Info:    Trying to load font information for T2A+cmr on input line 2
1.

(D:\MiKTeX\tex/latex/cyrillic\t2acmr.fd
File: t2acmr.fd 2001/08/11 v1.0a Computer Modern Cyrillic font definitions
)
LaTeX Font Info:    ... okay on input line 21.
LaTeX Font Info:    Checking defaults for PD1/pdf/m/n on input line 21.
LaTeX Font Info:    ... okay on input line 21.
LaTeX Font Info:    Checking defaults for PU/pdf/m/n on input line 21.
LaTeX Font Info:    ... okay on input line 21.
LaTeX Info: Redefining \th on input line 21.

(D:\MiKTeX\tex/context/base/mkii\supp-pdf.mkii
[Loading MPS to PDF converter (version 2006.09.02).]
\scratchcounter=\count328
\scratchdimen=\dimen282
\scratchbox=\box64
\nofMPsegments=\count329
\nofMParguments=\count330
\everyMPshowfont=\toks37
\MPscratchCnt=\count331
\MPscratchDim=\dimen283
\MPnumerator=\count332
\makeMPintoPDFobject=\count333
\everyMPtoPDFconversion=\toks38
) (D:\MiKTeX\tex/latex/epstopdf-pkg\epstopdf-base.sty
Package: epstopdf-base 2020-01-24 v2.11 Base part for package epstopdf
Package epstopdf-base Info: Redefining graphics rule for `.eps' on input line 4
85.

(D:\MiKTeX\tex/latex/00miktex\epstopdf-sys.cfg
File: epstopdf-sys.cfg 2021/03/18 v2.0 Configuration of epstopdf for MiKTeX
))
*geometry* driver: auto-detecting
*geometry* detected driver: pdftex
*geometry* verbose mode - [ preamble ] result:
* driver: pdftex
* paper: <default>
* layout: <same size as paper>
* layoutoffset:(h,v)=(0.0pt,0.0pt)
* modes: 
* h-part:(L,W,R)=(92.14519pt, 430.00462pt, 92.14519pt)
* v-part:(T,H,B)=(95.39737pt, 556.47656pt, 143.09605pt)
* \paperwidth=614.295pt
* \paperheight=794.96999pt
* \textwidth=430.00462pt
* \textheight=556.47656pt
* \oddsidemargin=19.8752pt
* \evensidemargin=19.8752pt
* \topmargin=-13.87262pt
* \headheight=12.0pt
* \headsep=25.0pt
* \topskip=12.0pt
* \footskip=30.0pt
* \marginparwidth=44.0pt
* \marginparsep=10.0pt
* \columnsep=10.0pt
* \skip\footins=10.8pt plus 4.0pt minus 2.0pt
* \hoffset=0.0pt
* \voffset=0.0pt
* \mag=1000
* \@twocolumnfalse
* \@twosidefalse
* \@mparswitchfalse
* \@reversemarginfalse
* (1in=72.27pt=25.4mm, 1cm=28.453pt)

LaTeX Font Info:    Trying to load font information for U+msa on input line 21.

(D:\MiKTeX\tex/latex/amsfonts\umsa.fd
File: umsa.fd 2013/01/14 v3.01 AMS symbols A
)
LaTeX Font Info:    Trying to load font information for U+msb on input line 21.

 (D:\MiKTeX\tex/latex/amsfonts\umsb.fd
File: umsb.fd 2013/01/14 v3.01 AMS symbols B
)
Package xypdf Info: Line width: 0.47998pt on input line 21.
Package caption Info: Begin \AtBeginDocument code.
Package caption Info: subfig package v1.3 is loaded.
Package caption Info: hyperref package is loaded.
Package caption Info: wrapfig package is loaded.
Package caption Info: End \AtBeginDocument code.

main.tex:21: Undefined control sequence.
<argument> \sf@counterlist 
                           
l.21 \begin{document}
                     
The control sequence at the end of the top line
of your error message was never \def'ed. If you have
misspelled it (e.g., `\hobx'), type `I' and the correct
spelling (e.g., `I\hbox'). Otherwise just continue,
and I'll forget about whatever was undefined.

(D:\MiKTeX\tex/latex/graphics\color.sty
Package: color 2022/01/06 v1.3d Standard LaTeX Color (DPC)

(D:\MiKTeX\tex/latex/graphics-cfg\color.cfg
File: color.cfg 2016/01/02 v1.6 sample color configuration
)
Package color Info: Driver file: pdftex.def on input line 149.

(D:\MiKTeX\tex/latex/graphics\mathcolor.ltx))
Package hyperref Info: Link coloring ON on input line 21.

(D:/ProjectProg\Java\VUZ\latex\coursDifura\auxil\main.out)
(D:/ProjectProg\Java\VUZ\latex\coursDifura\auxil\main.out)
\@outlinefile=\write4
\openout4 = `main.out'.

<madi_logo.png, id=75, 2258.4375pt x 2258.4375pt>
File: madi_logo.png Graphic file (type png)
<use madi_logo.png>
Package pdftex.def Info: madi_logo.png  used on input line 27.
(pdftex.def)             Requested size: 60.20038pt x 60.1688pt.

Underfull \hbox (badness 10000) in paragraph at lines 48--56

 []

[1

{C:/Users/osada/AppData/Local/MiKTeX/fonts/map/pdftex/pdftex.map} <./madi_logo.
png>] (D:/ProjectProg\Java\VUZ\latex\coursDifura\auxil\main.toc

D:/ProjectProg\Java\VUZ\latex\coursDifura\auxil\main.toc:2: LaTeX Error: Undefi
ned color `linkcolor'.

See the LaTeX manual or LaTeX Companion for explanation.
Type  H <return>  for immediate help.
 ...                                              
                                                  
l.2 ...mberline {1}–í–≤–µ–¥–µ–Ω–∏–µ}{2}{section.1}
                                                  %
You're in trouble here.  Try typing  <return>  to proceed.
If that doesn't work, type  X <return>  to quit.


D:/ProjectProg\Java\VUZ\latex\coursDifura\auxil\main.toc:3: LaTeX Error: Undefi
ned color `linkcolor'.

See the LaTeX manual or LaTeX Companion for explanation.
Type  H <return>  for immediate help.
 ...                                              
                                                  
l.3 ...ù–æ–º–µ—Ä–∞ –∫—É—Ä—Å–æ–≤–æ–π}{3}{section.2}
                                                  %
You're in trouble here.  Try typing  <return>  to proceed.
If that doesn't work, type  X <return>  to quit.


D:/ProjectProg\Java\VUZ\latex\coursDifura\auxil\main.toc:4: LaTeX Error: Undefi
ned color `linkcolor'.

See the LaTeX manual or LaTeX Companion for explanation.
Type  H <return>  for immediate help.
 ...                                              
                                                  
l.4 ...–∞(–∑–∞–¥–∞–Ω–∏–µ ‚Ññ1)}{3}{subsection.2.1}
                                                  %
You're in trouble here.  Try typing  <return>  to proceed.
If that doesn't work, type  X <return>  to quit.


D:/ProjectProg\Java\VUZ\latex\coursDifura\auxil\main.toc:5: LaTeX Error: Undefi
ned color `linkcolor'.

See the LaTeX manual or LaTeX Companion for explanation.
Type  H <return>  for immediate help.
 ...                                              
                                                  
l.5 ...∞ (–∑–∞–¥–∞–Ω–∏–µ ‚Ññ2)}{4}{subsection.2.2}
                                                  %
You're in trouble here.  Try typing  <return>  to proceed.
If that doesn't work, type  X <return>  to quit.


D:/ProjectProg\Java\VUZ\latex\coursDifura\auxil\main.toc:6: LaTeX Error: Undefi
ned color `linkcolor'.

See the LaTeX manual or LaTeX Companion for explanation.
Type  H <return>  for immediate help.
 ...                                              
                                                  
l.6 ...$ –º–∞—Ç—Ä–∏—Ü—ã A}{4}{subsubsection.2.2.1}
                                                  %
You're in trouble here.  Try typing  <return>  to proceed.
If that doesn't work, type  X <return>  to quit.


D:/ProjectProg\Java\VUZ\latex\coursDifura\auxil\main.toc:7: LaTeX Error: Undefi
ned color `linkcolor'.

See the LaTeX manual or LaTeX Companion for explanation.
Type  H <return>  for immediate help.
 ...                                              
                                                  
l.7 ...Ä–µ—à–µ–Ω–∏—è X_i.}{4}{subsubsection.2.2.2}
                                                  %
You're in trouble here.  Try typing  <return>  to proceed.
If that doesn't work, type  X <return>  to quit.

D:/ProjectProg\Java\VUZ\latex\coursDifura\auxil\main.toc:7: Missing $ inserted.
<inserted text> 
                $
l.7 ...Ä–µ—à–µ–Ω–∏—è X_i.}{4}{subsubsection.2.2.2}
                                                  %
I've inserted a begin-math/end-math symbol since I think
you left one out. Proceed, with fingers crossed.

D:/ProjectProg\Java\VUZ\latex\coursDifura\auxil\main.toc:7: Extra }, or forgott
en $.
<argument> ...∫—Ç–æ—Ä–Ω–æ–≥–æ —Ä–µ—à–µ–Ω–∏—è X_i.}
                                                  \Hy@toclinkend 
l.7 ...Ä–µ—à–µ–Ω–∏—è X_i.}{4}{subsubsection.2.2.2}
                                                  %
I've deleted a group-closing symbol because it seems to be
spurious, as in `$x}$'. But perhaps the } is legitimate and
you forgot something else, as in `\hbox{$x}'. In such cases
the way to recover is to insert both the forgotten and the
deleted material, e.g., by typing `I$}'.

D:/ProjectProg\Java\VUZ\latex\coursDifura\auxil\main.toc:7: Missing $ inserted.
<inserted text> 
                $
l.7 ...Ä–µ—à–µ–Ω–∏—è X_i.}{4}{subsubsection.2.2.2}
                                                  %
I've inserted something that you may have forgotten.
(See the <inserted text> above.)
With luck, this will get me unwedged. But if you
really didn't forget anything, try typing `2' now; then
my insertion and my current dilemma will both disappear.

D:/ProjectProg\Java\VUZ\latex\coursDifura\auxil\main.toc:7: Missing } inserted.
<inserted text> 
                }
l.7 ...Ä–µ—à–µ–Ω–∏—è X_i.}{4}{subsubsection.2.2.2}
                                                  %
I've inserted something that you may have forgotten.
(See the <inserted text> above.)
With luck, this will get me unwedged. But if you
really didn't forget anything, try typing `2' now; then
my insertion and my current dilemma will both disappear.


D:/ProjectProg\Java\VUZ\latex\coursDifura\auxil\main.toc:8: LaTeX Error: Undefi
ned color `linkcolor'.

See the LaTeX manual or LaTeX Companion for explanation.
Type  H <return>  for immediate help.
 ...                                              
                                                  
l.8 ...∏–µ —Å–∏—Å—Ç–µ–º—ã}{5}{subsubsection.2.2.3}
                                                  %
You're in trouble here.  Try typing  <return>  to proceed.
If that doesn't work, type  X <return>  to quit.


D:/ProjectProg\Java\VUZ\latex\coursDifura\auxil\main.toc:9: LaTeX Error: Undefi
ned color `linkcolor'.

See the LaTeX manual or LaTeX Companion for explanation.
Type  H <return>  for immediate help.
 ...                                              
                                                  
l.9 ...Ö (–∑–∞–¥–∞–Ω–∏–µ ‚Ññ3)}{6}{subsection.2.3}
                                                  %
You're in trouble here.  Try typing  <return>  to proceed.
If that doesn't work, type  X <return>  to quit.


D:/ProjectProg\Java\VUZ\latex\coursDifura\auxil\main.toc:10: LaTeX Error: Undef
ined color `linkcolor'.

See the LaTeX manual or LaTeX Companion for explanation.
Type  H <return>  for immediate help.
 ...                                              
                                                  
l.10 ... –º–∞—Ç—Ä–∏—Ü—ã A}{6}{subsubsection.2.3.1}
                                                  %
You're in trouble here.  Try typing  <return>  to proceed.
If that doesn't work, type  X <return>  to quit.


D:/ProjectProg\Java\VUZ\latex\coursDifura\auxil\main.toc:11: LaTeX Error: Undef
ined color `linkcolor'.

See the LaTeX manual or LaTeX Companion for explanation.
Type  H <return>  for immediate help.
 ...                                              
                                                  
l.11 ...–µ—à–µ–Ω–∏—è X_i.}{6}{subsubsection.2.3.2}
                                                  %
You're in trouble here.  Try typing  <return>  to proceed.
If that doesn't work, type  X <return>  to quit.

D:/ProjectProg\Java\VUZ\latex\coursDifura\auxil\main.toc:11: Missing $ inserted
.
<inserted text> 
                $
l.11 ...–µ—à–µ–Ω–∏—è X_i.}{6}{subsubsection.2.3.2}
                                                  %
I've inserted a begin-math/end-math symbol since I think
you left one out. Proceed, with fingers crossed.

D:/ProjectProg\Java\VUZ\latex\coursDifura\auxil\main.toc:11: Extra }, or forgot
ten $.
<argument> ...∫—Ç–æ—Ä–Ω–æ–≥–æ —Ä–µ—à–µ–Ω–∏—è X_i.}
                                                  \Hy@toclinkend 
l.11 ...–µ—à–µ–Ω–∏—è X_i.}{6}{subsubsection.2.3.2}
                                                  %
I've deleted a group-closing symbol because it seems to be
spurious, as in `$x}$'. But perhaps the } is legitimate and
you forgot something else, as in `\hbox{$x}'. In such cases
the way to recover is to insert both the forgotten and the
deleted material, e.g., by typing `I$}'.

D:/ProjectProg\Java\VUZ\latex\coursDifura\auxil\main.toc:11: Missing $ inserted
.
<inserted text> 
                $
l.11 ...–µ—à–µ–Ω–∏—è X_i.}{6}{subsubsection.2.3.2}
                                                  %
I've inserted something that you may have forgotten.
(See the <inserted text> above.)
With luck, this will get me unwedged. But if you
really didn't forget anything, try typing `2' now; then
my insertion and my current dilemma will both disappear.

D:/ProjectProg\Java\VUZ\latex\coursDifura\auxil\main.toc:11: Missing } inserted
.
<inserted text> 
                }
l.11 ...–µ—à–µ–Ω–∏—è X_i.}{6}{subsubsection.2.3.2}
                                                  %
I've inserted something that you may have forgotten.
(See the <inserted text> above.)
With luck, this will get me unwedged. But if you
really didn't forget anything, try typing `2' now; then
my insertion and my current dilemma will both disappear.


D:/ProjectProg\Java\VUZ\latex\coursDifura\auxil\main.toc:12: LaTeX Error: Undef
ined color `linkcolor'.

See the LaTeX manual or LaTeX Companion for explanation.
Type  H <return>  for immediate help.
 ...                                              
                                                  
l.12 ...–µ —Å–∏—Å—Ç–µ–º—ã}{7}{subsubsection.2.3.3}
                                                  %
You're in trouble here.  Try typing  <return>  to proceed.
If that doesn't work, type  X <return>  to quit.


D:/ProjectProg\Java\VUZ\latex\coursDifura\auxil\main.toc:13: LaTeX Error: Undef
ined color `linkcolor'.

See the LaTeX manual or LaTeX Companion for explanation.
Type  H <return>  for immediate help.
 ...                                              
                                                  
l.13 ...∏—Ü–∏–µ–Ω—Ç–∞–º–∏ ‚Ññ4}{8}{subsection.2.4}
                                                  %
You're in trouble here.  Try typing  <return>  to proceed.
If that doesn't work, type  X <return>  to quit.


D:/ProjectProg\Java\VUZ\latex\coursDifura\auxil\main.toc:14: LaTeX Error: Undef
ined color `linkcolor'.

See the LaTeX manual or LaTeX Companion for explanation.
Type  H <return>  for immediate help.
 ...                                              
                                                  
l.14 ...—å –º–∞—Ç—Ä–∏—Ü—ã}{8}{subsubsection.2.4.1}
                                                  %
You're in trouble here.  Try typing  <return>  to proceed.
If that doesn't work, type  X <return>  to quit.


D:/ProjectProg\Java\VUZ\latex\coursDifura\auxil\main.toc:15: LaTeX Error: Undef
ined color `linkcolor'.

See the LaTeX manual or LaTeX Companion for explanation.
Type  H <return>  for immediate help.
 ...                                              
                                                  
l.15 ...Å–∫–æ—Å—Ç–∏ $XOY$}{8}{subsubsection.2.4.2}
                                                  %
You're in trouble here.  Try typing  <return>  to proceed.
If that doesn't work, type  X <return>  to quit.


D:/ProjectProg\Java\VUZ\latex\coursDifura\auxil\main.toc:16: LaTeX Error: Undef
ined color `linkcolor'.

See the LaTeX manual or LaTeX Companion for explanation.
Type  H <return>  for immediate help.
 ...                                              
                                                  
l.16 ...–∫–æ–π —Å–∏—Å—Ç–µ–º—ã}{10}{subsection.2.5}
                                                  %
You're in trouble here.  Try typing  <return>  to proceed.
If that doesn't work, type  X <return>  to quit.


D:/ProjectProg\Java\VUZ\latex\coursDifura\auxil\main.toc:17: LaTeX Error: Undef
ined color `linkcolor'.

See the LaTeX manual or LaTeX Companion for explanation.
Type  H <return>  for immediate help.
 ...                                              
                                                  
l.17 ...±—ã–µ —Ç–æ—á–∫–∏}{10}{subsubsection.2.5.1}
                                                  %
You're in trouble here.  Try typing  <return>  to proceed.
If that doesn't work, type  X <return>  to quit.


D:/ProjectProg\Java\VUZ\latex\coursDifura\auxil\main.toc:18: LaTeX Error: Undef
ined color `linkcolor'.

See the LaTeX manual or LaTeX Companion for explanation.
Type  H <return>  for immediate help.
 ...                                              
                                                  
l.18 ...±—ã—Ö —Ç–æ—á–µ–∫}{11}{subsubsection.2.5.2}
                                                  %
You're in trouble here.  Try typing  <return>  to proceed.
If that doesn't work, type  X <return>  to quit.


D:/ProjectProg\Java\VUZ\latex\coursDifura\auxil\main.toc:19: LaTeX Error: Undef
ined color `linkcolor'.

See the LaTeX manual or LaTeX Companion for explanation.
Type  H <return>  for immediate help.
 ...                                              
                                                  
l.19 ...π –ø–æ—Ä—Ç—Ä–µ—Ç}{17}{subsubsection.2.5.3}
                                                  %
You're in trouble here.  Try typing  <return>  to proceed.
If that doesn't work, type  X <return>  to quit.

)
\tf@toc=\write5
\openout5 = `main.toc'.


pdfTeX warning (ext4): destination with the same identifier (name{page.1}) has 
been already used, duplicate ignored
<to be read again> 
                   \relax 
l.69 \newpage
              [1] [2]

main.tex:84: LaTeX Error: Something's wrong--perhaps a missing \item.

See the LaTeX manual or LaTeX Companion for explanation.
Type  H <return>  for immediate help.
 ...                                              
                                                  
l.84 \end{center}
                 
Try typing  <return>  to proceed.
If that doesn't work, type  X <return>  to quit.

[3]

Package hyperref Warning: Token not allowed in a PDF string (Unicode):
(hyperref)                removing `math shift' on input line 123.


Package hyperref Warning: Token not allowed in a PDF string (Unicode):
(hyperref)                removing `\lambda' on input line 123.


Package hyperref Warning: Token not allowed in a PDF string (Unicode):
(hyperref)                removing `subscript' on input line 123.


Package hyperref Warning: Token not allowed in a PDF string (Unicode):
(hyperref)                removing `math shift' on input line 123.

main.tex:127: Missing $ inserted.
<inserted text> 
                $
l.127     \begin{vmatrix}
                         
I've inserted a begin-math/end-math symbol since I think
you left one out. Proceed, with fingers crossed.

main.tex:131: Missing $ inserted.
<inserted text> 
                $
l.131 \end{vmatrix}
                   
I've inserted something that you may have forgotten.
(See the <inserted text> above.)
With luck, this will get me unwedged. But if you
really didn't forget anything, try typing `2' now; then
my insertion and my current dilemma will both disappear.

main.tex:148: Missing $ inserted.
<inserted text> 
                $
l.148 ...–≤–µ–∫—Ç–æ—Ä–Ω–æ–≥–æ —Ä–µ—à–µ–Ω–∏—è X_i.}
                                                  
I've inserted a begin-math/end-math symbol since I think
you left one out. Proceed, with fingers crossed.

main.tex:148: Missing $ inserted.
<inserted text> 
                $
l.148 ...–≤–µ–∫—Ç–æ—Ä–Ω–æ–≥–æ —Ä–µ—à–µ–Ω–∏—è X_i.}
                                                  
I've inserted a begin-math/end-math symbol since I think
you left one out. Proceed, with fingers crossed.


Package hyperref Warning: Token not allowed in a PDF string (Unicode):
(hyperref)                removing `subscript' on input line 148.

main.tex:153: Missing $ inserted.
<inserted text> 
                $
l.153     \begin{pmatrix}
                         
I've inserted a begin-math/end-math symbol since I think
you left one out. Proceed, with fingers crossed.

main.tex:157: Missing $ inserted.
<inserted text> 
                $
l.157 \end{pmatrix}
                   
I've inserted something that you may have forgotten.
(See the <inserted text> above.)
With luck, this will get me unwedged. But if you
really didn't forget anything, try typing `2' now; then
my insertion and my current dilemma will both disappear.

main.tex:158: Missing $ inserted.
<inserted text> 
                $
l.158    \begin{pmatrix}
                        
I've inserted a begin-math/end-math symbol since I think
you left one out. Proceed, with fingers crossed.

main.tex:159: Missing $ inserted.
<inserted text> 
                $
l.159   $\alpha
               _1$\\
I've inserted a begin-math/end-math symbol since I think
you left one out. Proceed, with fingers crossed.

main.tex:159: Missing $ inserted.
<inserted text> 
                $
l.159   $\alpha_1$\\
                    
I've inserted a begin-math/end-math symbol since I think
you left one out. Proceed, with fingers crossed.

main.tex:160: Missing $ inserted.
<inserted text> 
                $
l.160    $\beta
               _1$\\
I've inserted a begin-math/end-math symbol since I think
you left one out. Proceed, with fingers crossed.

main.tex:160: Missing $ inserted.
<inserted text> 
                $
l.160    $\beta_1$\\
                    
I've inserted a begin-math/end-math symbol since I think
you left one out. Proceed, with fingers crossed.

main.tex:161: Missing $ inserted.
<inserted text> 
                $
l.161     $\gamma
                 _1$\\
I've inserted a begin-math/end-math symbol since I think
you left one out. Proceed, with fingers crossed.

main.tex:161: Missing $ inserted.
<inserted text> 
                $
l.161     $\gamma_1$\\
                      
I've inserted a begin-math/end-math symbol since I think
you left one out. Proceed, with fingers crossed.

main.tex:162: Missing $ inserted.
<inserted text> 
                $
l.162 \end{pmatrix}
                   
I've inserted something that you may have forgotten.
(See the <inserted text> above.)
With luck, this will get me unwedged. But if you
really didn't forget anything, try typing `2' now; then
my insertion and my current dilemma will both disappear.

main.tex:171: Missing $ inserted.
<inserted text> 
                $
l.171    $\alpha
                _1$=1,\\
I've inserted a begin-math/end-math symbol since I think
you left one out. Proceed, with fingers crossed.

main.tex:171: Missing $ inserted.
<inserted text> 
                $
l.171    $\alpha_1$=1,\\
                        
I've inserted a begin-math/end-math symbol since I think
you left one out. Proceed, with fingers crossed.

main.tex:172: Missing $ inserted.
<inserted text> 
                $
l.172     $\beta
                _1$=1,\\
I've inserted a begin-math/end-math symbol since I think
you left one out. Proceed, with fingers crossed.

main.tex:172: Missing $ inserted.
<inserted text> 
                $
l.172     $\beta_1$=1,\\
                        
I've inserted a begin-math/end-math symbol since I think
you left one out. Proceed, with fingers crossed.

main.tex:173: Missing $ inserted.
<inserted text> 
                $
l.173      $\gamma
                  _1$=1.
I've inserted a begin-math/end-math symbol since I think
you left one out. Proceed, with fingers crossed.

main.tex:174: Missing $ inserted.
<inserted text> 
                $
l.174  \end{cases}
                  
I've inserted a begin-math/end-math symbol since I think
you left one out. Proceed, with fingers crossed.

[4]
main.tex:198: Missing $ inserted.
<inserted text> 
                $
l.198     \begin{pmatrix}
                         
I've inserted a begin-math/end-math symbol since I think
you left one out. Proceed, with fingers crossed.

main.tex:202: Missing $ inserted.
<inserted text> 
                $
l.202 \end{pmatrix}
                   
I've inserted something that you may have forgotten.
(See the <inserted text> above.)
With luck, this will get me unwedged. But if you
really didn't forget anything, try typing `2' now; then
my insertion and my current dilemma will both disappear.

main.tex:203: Missing $ inserted.
<inserted text> 
                $
l.203    \begin{pmatrix}
                        
I've inserted a begin-math/end-math symbol since I think
you left one out. Proceed, with fingers crossed.

main.tex:204: Missing $ inserted.
<inserted text> 
                $
l.204   $\alpha
               _2$\\
I've inserted a begin-math/end-math symbol since I think
you left one out. Proceed, with fingers crossed.

main.tex:204: Missing $ inserted.
<inserted text> 
                $
l.204   $\alpha_2$\\
                    
I've inserted a begin-math/end-math symbol since I think
you left one out. Proceed, with fingers crossed.

main.tex:205: Missing $ inserted.
<inserted text> 
                $
l.205    $\beta
               _2$\\
I've inserted a begin-math/end-math symbol since I think
you left one out. Proceed, with fingers crossed.

main.tex:205: Missing $ inserted.
<inserted text> 
                $
l.205    $\beta_2$\\
                    
I've inserted a begin-math/end-math symbol since I think
you left one out. Proceed, with fingers crossed.

main.tex:206: Missing $ inserted.
<inserted text> 
                $
l.206     $\gamma
                 _2$\\
I've inserted a begin-math/end-math symbol since I think
you left one out. Proceed, with fingers crossed.

main.tex:206: Missing $ inserted.
<inserted text> 
                $
l.206     $\gamma_2$\\
                      
I've inserted a begin-math/end-math symbol since I think
you left one out. Proceed, with fingers crossed.

main.tex:207: Missing $ inserted.
<inserted text> 
                $
l.207 \end{pmatrix}
                   
I've inserted something that you may have forgotten.
(See the <inserted text> above.)
With luck, this will get me unwedged. But if you
really didn't forget anything, try typing `2' now; then
my insertion and my current dilemma will both disappear.

main.tex:216: Missing $ inserted.
<inserted text> 
                $
l.216    $\alpha
                _2$=-1,\\
I've inserted a begin-math/end-math symbol since I think
you left one out. Proceed, with fingers crossed.

main.tex:216: Missing $ inserted.
<inserted text> 
                $
l.216    $\alpha_2$=-1,\\
                         
I've inserted a begin-math/end-math symbol since I think
you left one out. Proceed, with fingers crossed.

main.tex:217: Missing $ inserted.
<inserted text> 
                $
l.217     $\beta
                _2$=-1,\\
I've inserted a begin-math/end-math symbol since I think
you left one out. Proceed, with fingers crossed.

main.tex:217: Missing $ inserted.
<inserted text> 
                $
l.217     $\beta_2$=-1,\\
                         
I've inserted a begin-math/end-math symbol since I think
you left one out. Proceed, with fingers crossed.

main.tex:218: Missing $ inserted.
<inserted text> 
                $
l.218      $\gamma
                  _2$=1.
I've inserted a begin-math/end-math symbol since I think
you left one out. Proceed, with fingers crossed.

main.tex:219: Missing $ inserted.
<inserted text> 
                $
l.219  \end{cases}
                  
I've inserted a begin-math/end-math symbol since I think
you left one out. Proceed, with fingers crossed.

main.tex:242: Missing $ inserted.
<inserted text> 
                $
l.242 \overline{X}
                  =$X_1$+$X_2$
I've inserted a begin-math/end-math symbol since I think
you left one out. Proceed, with fingers crossed.

main.tex:242: Missing $ inserted.
<inserted text> 
                $
l.242 \overline{X}=$X_
                      1$+$X_2$
I've inserted a begin-math/end-math symbol since I think
you left one out. Proceed, with fingers crossed.

[5]

Package hyperref Warning: Token not allowed in a PDF string (Unicode):
(hyperref)                removing `math shift' on input line 267.


Package hyperref Warning: Token not allowed in a PDF string (Unicode):
(hyperref)                removing `\lambda' on input line 267.


Package hyperref Warning: Token not allowed in a PDF string (Unicode):
(hyperref)                removing `subscript' on input line 267.


Package hyperref Warning: Token not allowed in a PDF string (Unicode):
(hyperref)                removing `math shift' on input line 267.

main.tex:271: Missing $ inserted.
<inserted text> 
                $
l.271     \begin{vmatrix}
                         
I've inserted a begin-math/end-math symbol since I think
you left one out. Proceed, with fingers crossed.

main.tex:274: Missing $ inserted.
<inserted text> 
                $
l.274 \end{vmatrix}
                   
I've inserted something that you may have forgotten.
(See the <inserted text> above.)
With luck, this will get me unwedged. But if you
really didn't forget anything, try typing `2' now; then
my insertion and my current dilemma will both disappear.

main.tex:291: Missing $ inserted.
<inserted text> 
                $
l.291 ...–≤–µ–∫—Ç–æ—Ä–Ω–æ–≥–æ —Ä–µ—à–µ–Ω–∏—è X_i.}
                                                  
I've inserted a begin-math/end-math symbol since I think
you left one out. Proceed, with fingers crossed.

main.tex:291: Missing $ inserted.
<inserted text> 
                $
l.291 ...–≤–µ–∫—Ç–æ—Ä–Ω–æ–≥–æ —Ä–µ—à–µ–Ω–∏—è X_i.}
                                                  
I've inserted a begin-math/end-math symbol since I think
you left one out. Proceed, with fingers crossed.


Package hyperref Warning: Token not allowed in a PDF string (Unicode):
(hyperref)                removing `subscript' on input line 291.

main.tex:296: Missing $ inserted.
<inserted text> 
                $
l.296     \begin{pmatrix}
                         
I've inserted a begin-math/end-math symbol since I think
you left one out. Proceed, with fingers crossed.

main.tex:299: Missing $ inserted.
<inserted text> 
                $
l.299 \end{pmatrix}
                   
I've inserted something that you may have forgotten.
(See the <inserted text> above.)
With luck, this will get me unwedged. But if you
really didn't forget anything, try typing `2' now; then
my insertion and my current dilemma will both disappear.

main.tex:300: Missing $ inserted.
<inserted text> 
                $
l.300    \begin{pmatrix}
                        
I've inserted a begin-math/end-math symbol since I think
you left one out. Proceed, with fingers crossed.

main.tex:301: Missing $ inserted.
<inserted text> 
                $
l.301   $\alpha
               _1$\\
I've inserted a begin-math/end-math symbol since I think
you left one out. Proceed, with fingers crossed.

main.tex:301: Missing $ inserted.
<inserted text> 
                $
l.301   $\alpha_1$\\
                    
I've inserted a begin-math/end-math symbol since I think
you left one out. Proceed, with fingers crossed.

main.tex:302: Missing $ inserted.
<inserted text> 
                $
l.302    $\beta
               _1$\\
I've inserted a begin-math/end-math symbol since I think
you left one out. Proceed, with fingers crossed.

main.tex:302: Missing $ inserted.
<inserted text> 
                $
l.302    $\beta_1$\\
                    
I've inserted a begin-math/end-math symbol since I think
you left one out. Proceed, with fingers crossed.

main.tex:303: Missing $ inserted.
<inserted text> 
                $
l.303 \end{pmatrix}
                   
I've inserted something that you may have forgotten.
(See the <inserted text> above.)
With luck, this will get me unwedged. But if you
really didn't forget anything, try typing `2' now; then
my insertion and my current dilemma will both disappear.

main.tex:312: Missing $ inserted.
<inserted text> 
                $
l.312    $\alpha
                _1$=1,\\
I've inserted a begin-math/end-math symbol since I think
you left one out. Proceed, with fingers crossed.

main.tex:312: Missing $ inserted.
<inserted text> 
                $
l.312    $\alpha_1$=1,\\
                        
I've inserted a begin-math/end-math symbol since I think
you left one out. Proceed, with fingers crossed.

main.tex:313: Missing $ inserted.
<inserted text> 
                $
l.313     $\beta
                _1$=2.\\
I've inserted a begin-math/end-math symbol since I think
you left one out. Proceed, with fingers crossed.

main.tex:313: Missing $ inserted.
<inserted text> 
                $
l.313     $\beta_1$=2.\\
                        
I've inserted a begin-math/end-math symbol since I think
you left one out. Proceed, with fingers crossed.

[6]
main.tex:338: Missing $ inserted.
<inserted text> 
                $
l.338     \begin{pmatrix}
                         
I've inserted a begin-math/end-math symbol since I think
you left one out. Proceed, with fingers crossed.

main.tex:341: Missing $ inserted.
<inserted text> 
                $
l.341 \end{pmatrix}
                   
I've inserted something that you may have forgotten.
(See the <inserted text> above.)
With luck, this will get me unwedged. But if you
really didn't forget anything, try typing `2' now; then
my insertion and my current dilemma will both disappear.

main.tex:342: Missing $ inserted.
<inserted text> 
                $
l.342    \begin{pmatrix}
                        
I've inserted a begin-math/end-math symbol since I think
you left one out. Proceed, with fingers crossed.

main.tex:343: Missing $ inserted.
<inserted text> 
                $
l.343   $\alpha
               _2$\\
I've inserted a begin-math/end-math symbol since I think
you left one out. Proceed, with fingers crossed.

main.tex:343: Missing $ inserted.
<inserted text> 
                $
l.343   $\alpha_2$\\
                    
I've inserted a begin-math/end-math symbol since I think
you left one out. Proceed, with fingers crossed.

main.tex:344: Missing $ inserted.
<inserted text> 
                $
l.344    $\beta
               _2$\\
I've inserted a begin-math/end-math symbol since I think
you left one out. Proceed, with fingers crossed.

main.tex:344: Missing $ inserted.
<inserted text> 
                $
l.344    $\beta_2$\\
                    
I've inserted a begin-math/end-math symbol since I think
you left one out. Proceed, with fingers crossed.

main.tex:345: Missing $ inserted.
<inserted text> 
                $
l.345 \end{pmatrix}
                   
I've inserted something that you may have forgotten.
(See the <inserted text> above.)
With luck, this will get me unwedged. But if you
really didn't forget anything, try typing `2' now; then
my insertion and my current dilemma will both disappear.

main.tex:354: Missing $ inserted.
<inserted text> 
                $
l.354    $\alpha
                _2$=-1,\\
I've inserted a begin-math/end-math symbol since I think
you left one out. Proceed, with fingers crossed.

main.tex:354: Missing $ inserted.
<inserted text> 
                $
l.354    $\alpha_2$=-1,\\
                         
I've inserted a begin-math/end-math symbol since I think
you left one out. Proceed, with fingers crossed.

main.tex:355: Missing $ inserted.
<inserted text> 
                $
l.355     $\beta
                _2$=1.
I've inserted a begin-math/end-math symbol since I think
you left one out. Proceed, with fingers crossed.

main.tex:356: Missing $ inserted.
<inserted text> 
                $
l.356  \end{cases}
                  
I've inserted a begin-math/end-math symbol since I think
you left one out. Proceed, with fingers crossed.

main.tex:378: Missing $ inserted.
<inserted text> 
                $
l.378 \overline{X}
                  =$X_1$+$X_2$
I've inserted a begin-math/end-math symbol since I think
you left one out. Proceed, with fingers crossed.

main.tex:378: Missing $ inserted.
<inserted text> 
                $
l.378 \overline{X}=$X_
                      1$+$X_2$
I've inserted a begin-math/end-math symbol since I think
you left one out. Proceed, with fingers crossed.

[7]

Package hyperref Warning: Token not allowed in a PDF string (Unicode):
(hyperref)                removing `math shift' on input line 431.


Package hyperref Warning: Token not allowed in a PDF string (Unicode):
(hyperref)                removing `math shift' on input line 431.

<system_one_for_zerox_4.jpeg, id=150, 1126.2075pt x 913.4125pt>
File: system_one_for_zerox_4.jpeg Graphic file (type jpg)
<use system_one_for_zerox_4.jpeg>
Package pdftex.def Info: system_one_for_zerox_4.jpeg  used on input line 442.
(pdftex.def)             Requested size: 216.79991pt x 216.79834pt.
[8]
<system_one_for_zeroy_4.jpeg, id=157, 1284.8pt x 1238.6275pt>
File: system_one_for_zeroy_4.jpeg Graphic file (type jpg)
<use system_one_for_zeroy_4.jpeg>
Package pdftex.def Info: system_one_for_zeroy_4.jpeg  used on input line 453.
(pdftex.def)             Requested size: 216.80554pt x 216.80086pt.
<phase_trajectories.jpeg, id=158, 1284.8pt x 1254.6875pt>
File: phase_trajectories.jpeg Graphic file (type jpg)
<use phase_trajectories.jpeg>
Package pdftex.def Info: phase_trajectories.jpeg  used on input line 459.
(pdftex.def)             Requested size: 216.80554pt x 216.79758pt.
 [9 <./system_one_for_zerox_4.jpeg> <./system_one_for_zeroy_4.jpeg>]
[10 <./phase_trajectories.jpeg>]
main.tex:523: Undefined control sequence.
<recently read> \lamda 
                       
l.523 ...Ç–≤–µ–Ω–Ω—ã–π –≤–µ–∫—Ç–æ—Ä –¥–ª—è $\lamda
                                                  _1 = 4$ :
The control sequence at the end of the top line
of your error message was never \def'ed. If you have
misspelled it (e.g., `\hobx'), type `I' and the correct
spelling (e.g., `I\hbox'). Otherwise just continue,
and I'll forget about whatever was undefined.

<sobstveni_vector_5_1.jpeg, id=169, 2354.7975pt x 2233.34375pt>
File: sobstveni_vector_5_1.jpeg Graphic file (type jpg)
<use sobstveni_vector_5_1.jpeg>
Package pdftex.def Info: sobstveni_vector_5_1.jpeg  used on input line 547.
(pdftex.def)             Requested size: 216.80928pt x 216.80447pt.
main.tex:550: Undefined control sequence.
<recently read> \lamda 
                       
l.550 ...Ç–≤–µ–Ω–Ω—ã–π –≤–µ–∫—Ç–æ—Ä –¥–ª—è $\lamda
                                                  _2 = -4$ :
The control sequence at the end of the top line
of your error message was never \def'ed. If you have
misspelled it (e.g., `\hobx'), type `I' and the correct
spelling (e.g., `I\hbox'). Otherwise just continue,
and I'll forget about whatever was undefined.

[11 <./sobstveni_vector_5_1.jpeg>]
<sobstveni_vector_5_2.jpeg, id=174, 2536.47626pt x 2131.965pt>
File: sobstveni_vector_5_2.jpeg Graphic file (type jpg)
<use sobstveni_vector_5_2.jpeg>
Package pdftex.def Info: sobstveni_vector_5_2.jpeg  used on input line 574.
(pdftex.def)             Requested size: 216.77809pt x 216.78741pt.
<system_one_for_zerou_5.jpeg, id=175, 2005.4925pt x 1888.05376pt>
File: system_one_for_zerou_5.jpeg Graphic file (type jpg)
<use system_one_for_zerou_5.jpeg>
Package pdftex.def Info: system_one_for_zerou_5.jpeg  used on input line 622.
(pdftex.def)             Requested size: 216.81029pt x 216.7903pt.
 [12 <./sobstveni_vector_5_2.jpeg>]
<system_one_for_zerov_5.jpeg, id=181, 1948.27875pt x 2036.60875pt>
File: system_one_for_zerov_5.jpeg Graphic file (type jpg)
<use system_one_for_zerov_5.jpeg>
Package pdftex.def Info: system_one_for_zerov_5.jpeg  used on input line 633.
(pdftex.def)             Requested size: 216.8085pt x 216.78693pt.
<system_one_for_zerov_shtrih_5.jpeg, id=182, 2043.635pt x 2175.12625pt>
File: system_one_for_zerov_shtrih_5.jpeg Graphic file (type jpg)
<use system_one_for_zerov_shtrih_5.jpeg>
Package pdftex.def Info: system_one_for_zerov_shtrih_5.jpeg  used on input line
 638.
(pdftex.def)             Requested size: 216.78644pt x 216.7952pt.
 [13 <./system_one_for_zerou_5.jpeg> <./system_one_for_zerov_5.jpeg>] [14 <./sy
stem_one_for_zerov_shtrih_5.jpeg>]
<system_two_for_zerou_5.jpeg, id=191, 1284.8pt x 1128.215pt>
File: system_two_for_zerou_5.jpeg Graphic file (type jpg)
<use system_two_for_zerou_5.jpeg>
Package pdftex.def Info: system_two_for_zerou_5.jpeg  used on input line 700.
(pdftex.def)             Requested size: 216.80554pt x 216.80763pt.
<system_two_for_zerov_5.jpeg, id=192, 1284.8pt x 1170.3725pt>
File: system_two_for_zerov_5.jpeg Graphic file (type jpg)
<use system_two_for_zerov_5.jpeg>
Package pdftex.def Info: system_two_for_zerov_5.jpeg  used on input line 711.
(pdftex.def)             Requested size: 216.80554pt x 216.80125pt.
 [15 <./system_two_for_zerou_5.jpeg>] [16 <./system_two_for_zerov_5.jpeg>]
<phase_portret_sedlo5.png, id=201, 1121.18875pt x 1284.8pt>
File: phase_portret_sedlo5.png Graphic file (type png)
<use phase_portret_sedlo5.png>
Package pdftex.def Info: phase_portret_sedlo5.png  used on input line 725.
(pdftex.def)             Requested size: 258.00539pt x 295.65462pt.


Package caption Warning: The option `hypcap=true' will be ignored for this
(caption)                particular \caption on input line 726.
See the caption package documentation for explanation.

main.tex:726: Extra \endcsname.
\language@active@arg" ...@"@\string #1@\endcsname 
                                                  \fi 
l.726 ...æ–∫—Ä–µ—Å—Ç–Ω–æ—Å—Ç–∏ $M_1$ "—Å–µ–¥–ª–æ"}
                                                  
I'm ignoring this, since I wasn't doing a \csname.

main.tex:726: Extra \fi.
\language@active@arg" ...string #1@\endcsname \fi 
                                                  
l.726 ...æ–∫—Ä–µ—Å—Ç–Ω–æ—Å—Ç–∏ $M_1$ "—Å–µ–¥–ª–æ"}
                                                  
I'm ignoring this; it doesn't match any \if.

<phase_portret_ne_ust_uzel5.png, id=202, 1284.8pt x 1198.4775pt>
File: phase_portret_ne_ust_uzel5.png Graphic file (type png)
<use phase_portret_ne_ust_uzel5.png>
Package pdftex.def Info: phase_portret_ne_ust_uzel5.png  used on input line 730
.
(pdftex.def)             Requested size: 258.00539pt x 240.66048pt.

Package caption Warning: The option `hypcap=true' will be ignored for this
(caption)                particular \caption on input line 731.
See the caption package documentation for explanation.

[17

 <./phase_portret_sedlo5.png>]
main.tex:731: Extra \endcsname.
\language@active@arg" ...@"@\string #1@\endcsname 
                                                  \fi 
l.731 ...M_2$ "–Ω–µ—É—Å—Ç–æ–π—á–∏–≤—ã–π —É–∑–µ–ª"}
                                                  
I'm ignoring this, since I wasn't doing a \csname.

main.tex:731: Extra \fi.
\language@active@arg" ...string #1@\endcsname \fi 
                                                  
l.731 ...M_2$ "–Ω–µ—É—Å—Ç–æ–π—á–∏–≤—ã–π —É–∑–µ–ª"}
                                                  
I'm ignoring this; it doesn't match any \if.

<phase_portret_obshi5.png, id=208, 1284.8pt x 1147.28625pt>
File: phase_portret_obshi5.png Graphic file (type png)
<use phase_portret_obshi5.png>
Package pdftex.def Info: phase_portret_obshi5.png  used on input line 735.
(pdftex.def)             Requested size: 258.00539pt x 230.38101pt.

Package caption Warning: The option `hypcap=true' will be ignored for this
(caption)                particular \caption on input line 736.
See the caption package documentation for explanation.

[18 <./phase_portret_ne_ust_uzel5.png> <./phase_portret_obshi5.png>]
(D:/ProjectProg\Java\VUZ\latex\coursDifura\auxil\main.aux)
Package rerunfilecheck Info: File `main.out' has not changed.
(rerunfilecheck)             Checksum: 1E9186A694283FB22CDDE0BC53AB6F43;6744.
 ) 
Here is how much of TeX's memory you used:
 18299 strings out of 476411
 279288 string characters out of 5805549
 1861845 words of memory out of 5000000
 38305 multiletter control sequences out of 15000+600000
 526374 words of font info for 67 fonts, out of 8000000 for 9000
 1141 hyphenation exceptions out of 8191
 75i,8n,79p,1418b,717s stack positions out of 10000i,1000n,20000p,200000b,200000s
 <C:\Users\osada\AppData\Local\MiKTeX\fonts/pk/ljfour/jknappen/ec/dpi600\tcrm
1200.pk> <C:\Users\osada\AppData\Local\MiKTeX\fonts/pk/ljfour/lh/lh-t2a/dpi600\
labx1440.pk> <C:\Users\osada\AppData\Local\MiKTeX\fonts/pk/ljfour/lh/lh-t2a/dpi
600\labx1728.pk> <C:\Users\osada\AppData\Local\MiKTeX\fonts/pk/ljfour/lh/lh-t2a
/dpi600\labx1200.pk> <C:\Users\osada\AppData\Local\MiKTeX\fonts/pk/ljfour/lh/lh
-t2a/dpi600\larm1095.pk> <C:\Users\osada\AppData\Local\MiKTeX\fonts/pk/ljfour/l
h/lh-t2a/dpi600\labx0800.pk> <C:\Users\osada\AppData\Local\MiKTeX\fonts/pk/ljfo
ur/lh/lh-t2a/dpi600\labx1095.pk> <C:\Users\osada\AppData\Local\MiKTeX\fonts/pk/
ljfour/lh/lh-t2a/dpi600\larm1200.pk><D:/MiKTeX/fonts/type1/public/amsfonts/cm/c
mex10.pfb><D:/MiKTeX/fonts/type1/public/amsfonts/cm/cmmi12.pfb><D:/MiKTeX/fonts
/type1/public/amsfonts/cm/cmmi6.pfb><D:/MiKTeX/fonts/type1/public/amsfonts/cm/c
mmi8.pfb><D:/MiKTeX/fonts/type1/public/amsfonts/cm/cmr12.pfb><D:/MiKTeX/fonts/t
ype1/public/amsfonts/cm/cmr8.pfb><D:/MiKTeX/fonts/type1/public/amsfonts/cm/cmsy
10.pfb><D:/MiKTeX/fonts/type1/public/amsfonts/cm/cmsy6.pfb>
Output written on D:/ProjectProg\Java\VUZ\latex\coursDifura\out\main.pdf (19 pa
ges, 7283779 bytes).
PDF statistics:
 563 PDF objects out of 1000 (max. 8388607)
 44 named destinations out of 1000 (max. 500000)
 215 words of extra memory for PDF output out of 10000 (max. 10000000)

